<?xml version="1.0" encoding="UTF-8"?>
<!-- Generated by org.testng.reporters.JUnitXMLReporter -->
<testsuite ignored="2" hostname="NIMAJIBU" failures="0" tests="2" name="FirfoxTest" time="26.443" errors="0" timestamp="2026-01-06T20:29:26 IST">
  <testcase classname="testScript.LoginTest" name="verifyTheUserIsAbleToLoginUsingInvalidUsernameAndInvalidPassword" time="0.825"/>
  <testcase classname="testScript.LoginTest" name="verifyTheUserIsAbleToLoginUsingInvalidUsernameAndValidPassword" time="0.98"/>
  <testcase classname="testScript.LoginTest" name="verifyTheUserIsAbleToLoginUsingValidUsernameAndInvalidPassword" time="0.0">
    <ignored/>
  </testcase> <!-- verifyTheUserIsAbleToLoginUsingValidUsernameAndInvalidPassword -->
  <testcase classname="testScript.LoginTest" name="verifyTheUserIsAbleToLoginUsingValidCredentials" time="0.0">
    <ignored/>
  </testcase> <!-- verifyTheUserIsAbleToLoginUsingValidCredentials -->
</testsuite> <!-- FirfoxTest -->
