<?xml version="1.0" encoding="UTF-8"?>
<testng-results ignored="2" total="4" passed="2" failed="0" skipped="0">
  <reporter-output>
  </reporter-output>
  <suite started-at="2026-01-08T21:22:23 IST" name="Suite" finished-at="2026-01-08T21:22:37 IST" duration-ms="14010">
    <groups>
      <group name="Regression">
        <method signature="LoginTest.verifyTheUserIsAbleToLoginUsingValidCredentials()[pri:0, instance:testScript.LoginTest@5ba3f27a]" name="verifyTheUserIsAbleToLoginUsingValidCredentials" class="testScript.LoginTest"/>
      </group> <!-- Regression -->
    </groups>
    <test started-at="2026-01-08T21:22:23 IST" name="Test" finished-at="2026-01-08T21:22:37 IST" duration-ms="14010">
      <class name="testScript.LoginTest">
        <test-method is-config="true" signature="initializebrowser(java.lang.String)[pri:0, instance:testScript.LoginTest@5ba3f27a]" started-at="2026-01-08T21:22:23 IST" name="initializebrowser" finished-at="2026-01-08T21:22:29 IST" duration-ms="6099" status="PASS">
          <params>
            <param index="0">
              <value>
                <![CDATA[Chrome]]>
              </value>
            </param>
          </params>
          <reporter-output>
          </reporter-output>
        </test-method> <!-- initializebrowser -->
        <test-method signature="verifyTheUserIsAbleToLoginUsingValidCredentials()[pri:0, instance:testScript.LoginTest@5ba3f27a]" started-at="2026-01-08T21:22:29 IST" name="verifyTheUserIsAbleToLoginUsingValidCredentials" description="verifyTheUserIsAbleToLoginUsingValidCredentials" finished-at="2026-01-08T21:22:32 IST" duration-ms="3329" status="PASS">
          <reporter-output>
          </reporter-output>
        </test-method> <!-- verifyTheUserIsAbleToLoginUsingValidCredentials -->
        <test-method is-config="true" signature="closeBrowser()[pri:0, instance:testScript.LoginTest@5ba3f27a]" started-at="2026-01-08T21:22:32 IST" name="closeBrowser" finished-at="2026-01-08T21:22:33 IST" duration-ms="213" status="PASS">
          <reporter-output>
          </reporter-output>
        </test-method> <!-- closeBrowser -->
        <test-method is-config="true" signature="initializebrowser(java.lang.String)[pri:0, instance:testScript.LoginTest@5ba3f27a]" started-at="2026-01-08T21:22:33 IST" name="initializebrowser" finished-at="2026-01-08T21:22:36 IST" duration-ms="3433" status="PASS">
          <params>
            <param index="0">
              <value>
                <![CDATA[Chrome]]>
              </value>
            </param>
          </params>
          <reporter-output>
          </reporter-output>
        </test-method> <!-- initializebrowser -->
        <test-method signature="verifyTheUserIsAbleToLoginUsingValidUsernameAndInvalidPassword()[pri:0, instance:testScript.LoginTest@5ba3f27a]" started-at="2026-01-08T21:22:36 IST" name="verifyTheUserIsAbleToLoginUsingValidUsernameAndInvalidPassword" description="verifyTheUserIsAbleToLoginUsingValidUsernameAndInvalidPassword" finished-at="2026-01-08T21:22:37 IST" duration-ms="719" status="PASS">
          <reporter-output>
          </reporter-output>
        </test-method> <!-- verifyTheUserIsAbleToLoginUsingValidUsernameAndInvalidPassword -->
        <test-method is-config="true" signature="closeBrowser()[pri:0, instance:testScript.LoginTest@5ba3f27a]" started-at="2026-01-08T21:22:37 IST" name="closeBrowser" finished-at="2026-01-08T21:22:37 IST" duration-ms="181" status="PASS">
          <reporter-output>
          </reporter-output>
        </test-method> <!-- closeBrowser -->
      </class> <!-- testScript.LoginTest -->
    </test> <!-- Test -->
  </suite> <!-- Suite -->
</testng-results>
