<?xml version="1.0" encoding="UTF-8"?>
<!-- Generated by org.testng.reporters.JUnitReportReporter -->
<testsuite hostname="NIMAJIBU" failures="0" tests="2" name="testScript.LoginTest" time="13.974" errors="0" timestamp="2026-01-08T21:22:37 IST" skipped="0">
  <testcase classname="testScript.LoginTest" name="verifyTheUserIsAbleToLoginUsingValidUsernameAndInvalidPassword" time="7.031"/>
  <system-out/>
  <testcase classname="testScript.LoginTest" name="verifyTheUserIsAbleToLoginUsingValidCredentials" time="6.943"/>
  <system-out/>
</testsuite> <!-- testScript.LoginTest -->
